# JRE version: Java(TM) SE Runtime Environment (8.0_311-b11) (build 1.8.0_311-b11)
# Java VM: Java HotSpot(TM) 64-Bit Server VM (25.311-b11 mixed mode windows-amd64 compressed oops)
Heap:
 PSYoungGen      total 61952K, used 17544K [0x00000000d5f80000, 0x00000000dc880000, 0x0000000100000000)
  eden space 52224K, 33% used [0x00000000d5f80000,0x00000000d70a2010,0x00000000d9280000)
  from space 9728K, 0% used [0x00000000d9280000,0x00000000d9280000,0x00000000d9c00000)
  to   space 10752K, 0% used [0x00000000dbe00000,0x00000000dbe00000,0x00000000dc880000)
 ParOldGen       total 82944K, used 13572K [0x0000000081e00000, 0x0000000086f00000, 0x00000000d5f80000)
  object space 82944K, 16% used [0x0000000081e00000,0x0000000082b41398,0x0000000086f00000)
 Metaspace       used 35225K, capacity 36628K, committed 37032K, reserved 1081344K
  class space    used 4630K, capacity 4930K, committed 5040K, reserved 1048576K
GC Heap History (10 events):
Event: 4.514 GC heap before
{Heap before GC invocations=5 (full 1):
 PSYoungGen      total 38400K, used 5091K [0x00000000d5f80000, 0x00000000daa80000, 0x0000000100000000)
  eden space 33280K, 0% used [0x00000000d5f80000,0x00000000d5f80000,0x00000000d8000000)
  from space 5120K, 99% used [0x00000000d8500000,0x00000000d89f8cf8,0x00000000d8a00000)
  to   space 5120K, 0% used [0x00000000d8000000,0x00000000d8000000,0x00000000d8500000)
 ParOldGen       total 87552K, used 6300K [0x0000000081e00000, 0x0000000087380000, 0x00000000d5f80000)
  object space 87552K, 7% used [0x0000000081e00000,0x0000000082427320,0x0000000087380000)
 Metaspace       used 20113K, capacity 21236K, committed 21296K, reserved 1067008K
  class space    used 2604K, capacity 2850K, committed 2864K, reserved 1048576K
Event: 4.551 GC heap after
Heap after GC invocations=5 (full 1):
 PSYoungGen      total 38400K, used 0K [0x00000000d5f80000, 0x00000000daa80000, 0x0000000100000000)
  eden space 33280K, 0% used [0x00000000d5f80000,0x00000000d5f80000,0x00000000d8000000)
  from space 5120K, 0% used [0x00000000d8500000,0x00000000d8500000,0x00000000d8a00000)
  to   space 5120K, 0% used [0x00000000d8000000,0x00000000d8000000,0x00000000d8500000)
 ParOldGen       total 54784K, used 5813K [0x0000000081e00000, 0x0000000085380000, 0x00000000d5f80000)
  object space 54784K, 10% used [0x0000000081e00000,0x00000000823ad468,0x0000000085380000)
 Metaspace       used 20102K, capacity 21200K, committed 21296K, reserved 1067008K
  class space    used 2601K, capacity 2844K, committed 2864K, reserved 1048576K
}
Event: 5.584 GC heap before
{Heap before GC invocations=6 (full 1):
 PSYoungGen      total 38400K, used 33280K [0x00000000d5f80000, 0x00000000daa80000, 0x0000000100000000)
  eden space 33280K, 100% used [0x00000000d5f80000,0x00000000d8000000,0x00000000d8000000)
  from space 5120K, 0% used [0x00000000d8500000,0x00000000d8500000,0x00000000d8a00000)
  to   space 5120K, 0% used [0x00000000d8000000,0x00000000d8000000,0x00000000d8500000)
 ParOldGen       total 54784K, used 5813K [0x0000000081e00000, 0x0000000085380000, 0x00000000d5f80000)
  object space 54784K, 10% used [0x0000000081e00000,0x00000000823ad468,0x0000000085380000)
 Metaspace       used 24897K, capacity 26136K, committed 26544K, reserved 1073152K
  class space    used 3213K, capacity 3447K, committed 3504K, reserved 1048576K
Event: 5.589 GC heap after
Heap after GC invocations=6 (full 1):
 PSYoungGen      total 38400K, used 4476K [0x00000000d5f80000, 0x00000000da600000, 0x0000000100000000)
  eden space 33280K, 0% used [0x00000000d5f80000,0x00000000d5f80000,0x00000000d8000000)
  from space 5120K, 87% used [0x00000000d8000000,0x00000000d845f008,0x00000000d8500000)
  to   space 9216K, 0% used [0x00000000d9d00000,0x00000000d9d00000,0x00000000da600000)
 ParOldGen       total 54784K, used 5821K [0x0000000081e00000, 0x0000000085380000, 0x00000000d5f80000)
  object space 54784K, 10% used [0x0000000081e00000,0x00000000823af468,0x0000000085380000)
 Metaspace       used 24897K, capacity 26136K, committed 26544K, reserved 1073152K
  class space    used 3213K, capacity 3447K, committed 3504K, reserved 1048576K
}
Event: 11.077 GC heap before
{Heap before GC invocations=7 (full 1):
 PSYoungGen      total 38400K, used 37756K [0x00000000d5f80000, 0x00000000da600000, 0x0000000100000000)
  eden space 33280K, 100% used [0x00000000d5f80000,0x00000000d8000000,0x00000000d8000000)
  from space 5120K, 87% used [0x00000000d8000000,0x00000000d845f008,0x00000000d8500000)
  to   space 9216K, 0% used [0x00000000d9d00000,0x00000000d9d00000,0x00000000da600000)
 ParOldGen       total 54784K, used 5821K [0x0000000081e00000, 0x0000000085380000, 0x00000000d5f80000)
  object space 54784K, 10% used [0x0000000081e00000,0x00000000823af468,0x0000000085380000)
 Metaspace       used 29505K, capacity 30804K, committed 31024K, reserved 1077248K
  class space    used 3850K, capacity 4122K, committed 4144K, reserved 1048576K
Event: 11.091 GC heap after
Heap after GC invocations=7 (full 1):
 PSYoungGen      total 60928K, used 7617K [0x00000000d5f80000, 0x00000000da580000, 0x0000000100000000)
  eden space 52224K, 0% used [0x00000000d5f80000,0x00000000d5f80000,0x00000000d9280000)
  from space 8704K, 87% used [0x00000000d9d00000,0x00000000da470408,0x00000000da580000)
  to   space 9728K, 0% used [0x00000000d9280000,0x00000000d9280000,0x00000000d9c00000)
 ParOldGen       total 54784K, used 5829K [0x0000000081e00000, 0x0000000085380000, 0x00000000d5f80000)
  object space 54784K, 10% used [0x0000000081e00000,0x00000000823b1468,0x0000000085380000)
 Metaspace       used 29505K, capacity 30804K, committed 31024K, reserved 1077248K
  class space    used 3850K, capacity 4122K, committed 4144K, reserved 1048576K
}
Event: 12.157 GC heap before
{Heap before GC invocations=8 (full 1):
 PSYoungGen      total 60928K, used 50288K [0x00000000d5f80000, 0x00000000da580000, 0x0000000100000000)
  eden space 52224K, 81% used [0x00000000d5f80000,0x00000000d892be20,0x00000000d9280000)
  from space 8704K, 87% used [0x00000000d9d00000,0x00000000da470408,0x00000000da580000)
  to   space 9728K, 0% used [0x00000000d9280000,0x00000000d9280000,0x00000000d9c00000)
 ParOldGen       total 54784K, used 5829K [0x0000000081e00000, 0x0000000085380000, 0x00000000d5f80000)
  object space 54784K, 10% used [0x0000000081e00000,0x00000000823b1468,0x0000000085380000)
 Metaspace       used 34012K, capacity 35350K, committed 35496K, reserved 1079296K
  class space    used 4468K, capacity 4747K, committed 4784K, reserved 1048576K
Event: 12.188 GC heap after
Heap after GC invocations=8 (full 1):
 PSYoungGen      total 61952K, used 9357K [0x00000000d5f80000, 0x00000000dc880000, 0x0000000100000000)
  eden space 52224K, 0% used [0x00000000d5f80000,0x00000000d5f80000,0x00000000d9280000)
  from space 9728K, 96% used [0x00000000d9280000,0x00000000d9ba3740,0x00000000d9c00000)
  to   space 10752K, 0% used [0x00000000dbe00000,0x00000000dbe00000,0x00000000dc880000)
 ParOldGen       total 54784K, used 5829K [0x0000000081e00000, 0x0000000085380000, 0x00000000d5f80000)
  object space 54784K, 10% used [0x0000000081e00000,0x00000000823b1468,0x0000000085380000)
 Metaspace       used 34012K, capacity 35350K, committed 35496K, reserved 1079296K
  class space    used 4468K, capacity 4747K, committed 4784K, reserved 1048576K
}
Event: 12.188 GC heap before
{Heap before GC invocations=9 (full 2):
 PSYoungGen      total 61952K, used 9357K [0x00000000d5f80000, 0x00000000dc880000, 0x0000000100000000)
  eden space 52224K, 0% used [0x00000000d5f80000,0x00000000d5f80000,0x00000000d9280000)
  from space 9728K, 96% used [0x00000000d9280000,0x00000000d9ba3740,0x00000000d9c00000)
  to   space 10752K, 0% used [0x00000000dbe00000,0x00000000dbe00000,0x00000000dc880000)
 ParOldGen       total 54784K, used 5829K [0x0000000081e00000, 0x0000000085380000, 0x00000000d5f80000)
  object space 54784K, 10% used [0x0000000081e00000,0x00000000823b1468,0x0000000085380000)
 Metaspace       used 34012K, capacity 35350K, committed 35496K, reserved 1079296K
  class space    used 4468K, capacity 4747K, committed 4784K, reserved 1048576K
Event: 12.307 GC heap after
Heap after GC invocations=9 (full 2):
 PSYoungGen      total 61952K, used 0K [0x00000000d5f80000, 0x00000000dc880000, 0x0000000100000000)
  eden space 52224K, 0% used [0x00000000d5f80000,0x00000000d5f80000,0x00000000d9280000)
  from space 9728K, 0% used [0x00000000d9280000,0x00000000d9280000,0x00000000d9c00000)
  to   space 10752K, 0% used [0x00000000dbe00000,0x00000000dbe00000,0x00000000dc880000)
 ParOldGen       total 82944K, used 13572K [0x0000000081e00000, 0x0000000086f00000, 0x00000000d5f80000)
  object space 82944K, 16% used [0x0000000081e00000,0x0000000082b41398,0x0000000086f00000)
 Metaspace       used 34008K, capacity 35338K, committed 35496K, reserved 1079296K
  class space    used 4467K, capacity 4745K, committed 4784K, reserved 1048576K
}

