# JRE version: Java(TM) SE Runtime Environment (8.0_311-b11) (build 1.8.0_311-b11)
# Java VM: Java HotSpot(TM) 64-Bit Server VM (25.311-b11 mixed mode windows-amd64 compressed oops)
Heap:
 PSYoungGen      total 62976K, used 53333K [0x00000000d5f80000, 0x00000000daa80000, 0x0000000100000000)
  eden space 53760K, 85% used [0x00000000d5f80000,0x00000000d8c31ca8,0x00000000d9400000)
  from space 9216K, 82% used [0x00000000d9d80000,0x00000000da4e3980,0x00000000da680000)
  to   space 9728K, 28% used [0x00000000d9400000,0x00000000d96b8060,0x00000000d9d80000)
 ParOldGen       total 54272K, used 5866K [0x0000000081e00000, 0x0000000085300000, 0x00000000d5f80000)
  object space 54272K, 10% used [0x0000000081e00000,0x00000000823baa00,0x0000000085300000)
 Metaspace       used 33644K, capacity 35380K, committed 35496K, reserved 1079296K
  class space    used 4459K, capacity 4834K, committed 4912K, reserved 1048576K
GC Heap History (10 events):
Event: 6.701 GC heap before
{Heap before GC invocations=3 (full 0):
 PSYoungGen      total 38400K, used 38394K [0x00000000d5f80000, 0x00000000d8a00000, 0x0000000100000000)
  eden space 33280K, 100% used [0x00000000d5f80000,0x00000000d8000000,0x00000000d8000000)
  from space 5120K, 99% used [0x00000000d8500000,0x00000000d89fe810,0x00000000d8a00000)
  to   space 5120K, 0% used [0x00000000d8000000,0x00000000d8000000,0x00000000d8500000)
 ParOldGen       total 87552K, used 3063K [0x0000000081e00000, 0x0000000087380000, 0x00000000d5f80000)
  object space 87552K, 3% used [0x0000000081e00000,0x00000000820fde50,0x0000000087380000)
 Metaspace       used 19047K, capacity 20214K, committed 20352K, reserved 1067008K
  class space    used 2439K, capacity 2681K, committed 2688K, reserved 1048576K
Event: 6.714 GC heap after
Heap after GC invocations=3 (full 0):
 PSYoungGen      total 38400K, used 5094K [0x00000000d5f80000, 0x00000000d8a00000, 0x0000000100000000)
  eden space 33280K, 0% used [0x00000000d5f80000,0x00000000d5f80000,0x00000000d8000000)
  from space 5120K, 99% used [0x00000000d8000000,0x00000000d84f99a8,0x00000000d8500000)
  to   space 5120K, 0% used [0x00000000d8500000,0x00000000d8500000,0x00000000d8a00000)
 ParOldGen       total 87552K, used 5453K [0x0000000081e00000, 0x0000000087380000, 0x00000000d5f80000)
  object space 87552K, 6% used [0x0000000081e00000,0x00000000823534d0,0x0000000087380000)
 Metaspace       used 19047K, capacity 20214K, committed 20352K, reserved 1067008K
  class space    used 2439K, capacity 2681K, committed 2688K, reserved 1048576K
}
Event: 6.983 GC heap before
{Heap before GC invocations=4 (full 0):
 PSYoungGen      total 38400K, used 14451K [0x00000000d5f80000, 0x00000000d8a00000, 0x0000000100000000)
  eden space 33280K, 28% used [0x00000000d5f80000,0x00000000d68a32e0,0x00000000d8000000)
  from space 5120K, 99% used [0x00000000d8000000,0x00000000d84f99a8,0x00000000d8500000)
  to   space 5120K, 0% used [0x00000000d8500000,0x00000000d8500000,0x00000000d8a00000)
 ParOldGen       total 87552K, used 5453K [0x0000000081e00000, 0x0000000087380000, 0x00000000d5f80000)
  object space 87552K, 6% used [0x0000000081e00000,0x00000000823534d0,0x0000000087380000)
 Metaspace       used 20140K, capacity 21258K, committed 21296K, reserved 1067008K
  class space    used 2610K, capacity 2853K, committed 2864K, reserved 1048576K
Event: 6.989 GC heap after
Heap after GC invocations=4 (full 0):
 PSYoungGen      total 38400K, used 5107K [0x00000000d5f80000, 0x00000000daa80000, 0x0000000100000000)
  eden space 33280K, 0% used [0x00000000d5f80000,0x00000000d5f80000,0x00000000d8000000)
  from space 5120K, 99% used [0x00000000d8500000,0x00000000d89fcce8,0x00000000d8a00000)
  to   space 5120K, 0% used [0x00000000d8000000,0x00000000d8000000,0x00000000d8500000)
 ParOldGen       total 87552K, used 6321K [0x0000000081e00000, 0x0000000087380000, 0x00000000d5f80000)
  object space 87552K, 7% used [0x0000000081e00000,0x000000008242c760,0x0000000087380000)
 Metaspace       used 20140K, capacity 21258K, committed 21296K, reserved 1067008K
  class space    used 2610K, capacity 2853K, committed 2864K, reserved 1048576K
}
Event: 6.990 GC heap before
{Heap before GC invocations=5 (full 1):
 PSYoungGen      total 38400K, used 5107K [0x00000000d5f80000, 0x00000000daa80000, 0x0000000100000000)
  eden space 33280K, 0% used [0x00000000d5f80000,0x00000000d5f80000,0x00000000d8000000)
  from space 5120K, 99% used [0x00000000d8500000,0x00000000d89fcce8,0x00000000d8a00000)
  to   space 5120K, 0% used [0x00000000d8000000,0x00000000d8000000,0x00000000d8500000)
 ParOldGen       total 87552K, used 6321K [0x0000000081e00000, 0x0000000087380000, 0x00000000d5f80000)
  object space 87552K, 7% used [0x0000000081e00000,0x000000008242c760,0x0000000087380000)
 Metaspace       used 20140K, capacity 21258K, committed 21296K, reserved 1067008K
  class space    used 2610K, capacity 2853K, committed 2864K, reserved 1048576K
Event: 7.029 GC heap after
Heap after GC invocations=5 (full 1):
 PSYoungGen      total 38400K, used 0K [0x00000000d5f80000, 0x00000000daa80000, 0x0000000100000000)
  eden space 33280K, 0% used [0x00000000d5f80000,0x00000000d5f80000,0x00000000d8000000)
  from space 5120K, 0% used [0x00000000d8500000,0x00000000d8500000,0x00000000d8a00000)
  to   space 5120K, 0% used [0x00000000d8000000,0x00000000d8000000,0x00000000d8500000)
 ParOldGen       total 54272K, used 5850K [0x0000000081e00000, 0x0000000085300000, 0x00000000d5f80000)
  object space 54272K, 10% used [0x0000000081e00000,0x00000000823b6a00,0x0000000085300000)
 Metaspace       used 20129K, capacity 21222K, committed 21296K, reserved 1067008K
  class space    used 2607K, capacity 2847K, committed 2864K, reserved 1048576K
}
Event: 8.138 GC heap before
{Heap before GC invocations=6 (full 1):
 PSYoungGen      total 38400K, used 33280K [0x00000000d5f80000, 0x00000000daa80000, 0x0000000100000000)
  eden space 33280K, 100% used [0x00000000d5f80000,0x00000000d8000000,0x00000000d8000000)
  from space 5120K, 0% used [0x00000000d8500000,0x00000000d8500000,0x00000000d8a00000)
  to   space 5120K, 0% used [0x00000000d8000000,0x00000000d8000000,0x00000000d8500000)
 ParOldGen       total 54272K, used 5850K [0x0000000081e00000, 0x0000000085300000, 0x00000000d5f80000)
  object space 54272K, 10% used [0x0000000081e00000,0x00000000823b6a00,0x0000000085300000)
 Metaspace       used 24941K, capacity 26190K, committed 26288K, reserved 1073152K
  class space    used 3220K, capacity 3482K, committed 3504K, reserved 1048576K
Event: 8.143 GC heap after
Heap after GC invocations=6 (full 1):
 PSYoungGen      total 38400K, used 4561K [0x00000000d5f80000, 0x00000000da680000, 0x0000000100000000)
  eden space 33280K, 0% used [0x00000000d5f80000,0x00000000d5f80000,0x00000000d8000000)
  from space 5120K, 89% used [0x00000000d8000000,0x00000000d8474688,0x00000000d8500000)
  to   space 9216K, 0% used [0x00000000d9d80000,0x00000000d9d80000,0x00000000da680000)
 ParOldGen       total 54272K, used 5858K [0x0000000081e00000, 0x0000000085300000, 0x00000000d5f80000)
  object space 54272K, 10% used [0x0000000081e00000,0x00000000823b8a00,0x0000000085300000)
 Metaspace       used 24941K, capacity 26190K, committed 26288K, reserved 1073152K
  class space    used 3220K, capacity 3482K, committed 3504K, reserved 1048576K
}
Event: 8.846 GC heap before
{Heap before GC invocations=7 (full 1):
 PSYoungGen      total 38400K, used 37841K [0x00000000d5f80000, 0x00000000da680000, 0x0000000100000000)
  eden space 33280K, 100% used [0x00000000d5f80000,0x00000000d8000000,0x00000000d8000000)
  from space 5120K, 89% used [0x00000000d8000000,0x00000000d8474688,0x00000000d8500000)
  to   space 9216K, 0% used [0x00000000d9d80000,0x00000000d9d80000,0x00000000da680000)
 ParOldGen       total 54272K, used 5858K [0x0000000081e00000, 0x0000000085300000, 0x00000000d5f80000)
  object space 54272K, 10% used [0x0000000081e00000,0x00000000823b8a00,0x0000000085300000)
 Metaspace       used 27921K, capacity 29262K, committed 29616K, reserved 1075200K
  class space    used 3643K, capacity 3945K, committed 4016K, reserved 1048576K
Event: 8.868 GC heap after
Heap after GC invocations=7 (full 1):
 PSYoungGen      total 62976K, used 7566K [0x00000000d5f80000, 0x00000000daa80000, 0x0000000100000000)
  eden space 53760K, 0% used [0x00000000d5f80000,0x00000000d5f80000,0x00000000d9400000)
  from space 9216K, 82% used [0x00000000d9d80000,0x00000000da4e3980,0x00000000da680000)
  to   space 9728K, 0% used [0x00000000d9400000,0x00000000d9400000,0x00000000d9d80000)
 ParOldGen       total 54272K, used 5866K [0x0000000081e00000, 0x0000000085300000, 0x00000000d5f80000)
  object space 54272K, 10% used [0x0000000081e00000,0x00000000823baa00,0x0000000085300000)
 Metaspace       used 27921K, capacity 29262K, committed 29616K, reserved 1075200K
  class space    used 3643K, capacity 3945K, committed 4016K, reserved 1048576K
}

